2023-06-01 21:13:36.296  INFO 10728 --- [main] com.gitee.gen.GenApplication             : Starting GenApplication on gc with PID 10728 (D:\ProjectsNew2\code-gen\gen\target\classes started by admin in D:\ProjectsNew2\code-gen\gen)
2023-06-01 21:13:36.299  INFO 10728 --- [main] com.gitee.gen.GenApplication             : No active profile set, falling back to default profiles: default
2023-06-01 21:13:38.364  INFO 10728 --- [main] o.s.b.w.embedded.tomcat.TomcatWebServer  : Tomcat initialized with port(s): 6969 (http)
2023-06-01 21:13:38.373  INFO 10728 --- [main] o.apache.catalina.core.StandardService   : Starting service [Tomcat]
2023-06-01 21:13:38.374  INFO 10728 --- [main] org.apache.catalina.core.StandardEngine  : Starting Servlet engine: [Apache Tomcat/9.0.37]
2023-06-01 21:13:38.481  INFO 10728 --- [main] o.a.c.c.C.[Tomcat].[localhost].[/]       : Initializing Spring embedded WebApplicationContext
2023-06-01 21:13:38.481  INFO 10728 --- [main] w.s.c.ServletWebServerApplicationContext : Root WebApplicationContext: initialization completed in 2040 ms
2023-06-01 21:13:38.968  INFO 10728 --- [main] o.s.s.concurrent.ThreadPoolTaskExecutor  : Initializing ExecutorService 'applicationTaskExecutor'
2023-06-01 21:13:40.061  INFO 10728 --- [main] com.gitee.gen.config.GeneratorConfig     : 前端资源目录：D:\ProjectsNew2\code-gen\gen\target/view
2023-06-01 21:13:40.201  WARN 10728 --- [main] ConfigServletWebServerApplicationContext : Exception encountered during context initialization - cancelling refresh attempt: org.springframework.context.ApplicationContextException: Failed to start bean 'webServerStartStop'; nested exception is org.springframework.boot.web.server.PortInUseException: Port 6969 is already in use
2023-06-01 21:13:40.202  INFO 10728 --- [main] o.s.s.concurrent.ThreadPoolTaskExecutor  : Shutting down ExecutorService 'applicationTaskExecutor'
2023-06-01 21:13:40.206  INFO 10728 --- [main] o.apache.catalina.core.StandardService   : Stopping service [Tomcat]
2023-06-01 21:13:40.339  INFO 10728 --- [main] ConditionEvaluationReportLoggingListener : 

Error starting ApplicationContext. To display the conditions report re-run your application with 'debug' enabled.
2023-06-01 21:13:40.341 ERROR 10728 --- [main] o.s.b.d.LoggingFailureAnalysisReporter   : 

***************************
APPLICATION FAILED TO START
***************************

Description:

Web server failed to start. Port 6969 was already in use.

Action:

Identify and stop the process that's listening on port 6969 or configure this application to listen on another port.

2023-06-01 21:14:11.744  INFO 14240 --- [main] com.gitee.gen.GenApplication             : Starting GenApplication on gc with PID 14240 (D:\ProjectsNew2\code-gen\gen\target\classes started by admin in D:\ProjectsNew2\code-gen\gen)
2023-06-01 21:14:11.747  INFO 14240 --- [main] com.gitee.gen.GenApplication             : No active profile set, falling back to default profiles: default
2023-06-01 21:14:12.711  INFO 14240 --- [main] o.s.b.w.embedded.tomcat.TomcatWebServer  : Tomcat initialized with port(s): 6969 (http)
2023-06-01 21:14:12.721  INFO 14240 --- [main] o.apache.catalina.core.StandardService   : Starting service [Tomcat]
2023-06-01 21:14:12.721  INFO 14240 --- [main] org.apache.catalina.core.StandardEngine  : Starting Servlet engine: [Apache Tomcat/9.0.37]
2023-06-01 21:14:12.808  INFO 14240 --- [main] o.a.c.c.C.[Tomcat].[localhost].[/]       : Initializing Spring embedded WebApplicationContext
2023-06-01 21:14:12.808  INFO 14240 --- [main] w.s.c.ServletWebServerApplicationContext : Root WebApplicationContext: initialization completed in 1015 ms
2023-06-01 21:14:13.243  INFO 14240 --- [main] o.s.s.concurrent.ThreadPoolTaskExecutor  : Initializing ExecutorService 'applicationTaskExecutor'
2023-06-01 21:14:13.330  INFO 14240 --- [main] com.gitee.gen.config.GeneratorConfig     : 前端资源目录：D:\ProjectsNew2\code-gen\gen\target/view
2023-06-01 21:14:13.458  INFO 14240 --- [main] o.s.b.w.embedded.tomcat.TomcatWebServer  : Tomcat started on port(s): 6969 (http) with context path ''
2023-06-01 21:14:13.470  INFO 14240 --- [main] com.gitee.gen.GenApplication             : Started GenApplication in 2.032 seconds (JVM running for 2.665)
2023-06-01 21:14:13.485  INFO 14240 --- [main] com.zaxxer.hikari.HikariDataSource       : HikariPool-1 - Starting...
2023-06-01 21:14:13.657  INFO 14240 --- [main] com.zaxxer.hikari.HikariDataSource       : HikariPool-1 - Start completed.
2023-06-01 21:14:17.172  INFO 14240 --- [http-nio-6969-exec-1] o.a.c.c.C.[Tomcat].[localhost].[/]       : Initializing Spring DispatcherServlet 'dispatcherServlet'
2023-06-01 21:14:17.172  INFO 14240 --- [http-nio-6969-exec-1] o.s.web.servlet.DispatcherServlet        : Initializing Servlet 'dispatcherServlet'
2023-06-01 21:14:17.176  INFO 14240 --- [http-nio-6969-exec-1] o.s.web.servlet.DispatcherServlet        : Completed initialization in 4 ms
